[2026-14-12 16:06:41.687 +0000] DEBUG: Request - POST /api/auth/login
    module: "api-execution"
    request: {
      "url": "https://dashboard.allocations.com/api/auth/login",
      "method": "POST",
      "headers": {
        "content-type": "application/json",
        "accept": "application/json"
      },
      "path": "/api/auth/login",
      "body": {
        "email": "test-f8a16050254b@mailsac.com"
      },
      "timeout": 3000
    }
[2026-14-12 16:06:42.973 +0000] DEBUG: Response - 200 - 1286ms
    module: "api-execution"
    response: {
      "statusCode": 200,
      "responseTime": 1286,
      "body": {
        "status": 200,
        "message": "An email with a code has been sent."
      }
    }
[2026-14-12 16:06:46.458 +0000] DEBUG: Request - POST /api/auth/verify
    module: "api-execution"
    request: {
      "url": "https://dashboard.allocations.com/api/auth/verify",
      "method": "POST",
      "headers": {
        "content-type": "application/json",
        "accept": "*/*"
      },
      "path": "/api/auth/verify",
      "body": {
        "email": "test-f8a16050254b@mailsac.com",
        "token": "900967",
        "type": "email"
      },
      "timeout": 3000
    }
[2026-14-12 16:06:46.631 +0000] DEBUG: Response - 200 - 173ms
    module: "api-execution"
    response: {
      "statusCode": 200,
      "responseTime": 173,
      "body": {
        "success": true,
        "message": "Verification successful"
      }
    }
